 [MainThread]: 07:36:12: Инициализация потоков
 [MainThread]: 07:36:12: Старт потоков
 [Thread-1]: 07:36:12: Создание профиля
 [Thread-1]: 07:36:15: Настройки браузера {'name': 'Fb', 'group_id': '1836292', 'domain_name': 'google.com', 'repeat_config': ['0'], 'country': 'us', 'fingerprint_config': {'language': ['uk-UA', 'uk', 'en-US', 'en'], 'ua': 'Mozilla/5.0 (Windows NT 10.0; Win64; x64) AppleWebKit/537.36 (KHTML, like Gecko) Chrome/89.0.4389.90 Safari/537.36', 'flash': 'block', 'scan_port_type': '1', 'screen_resolution': '1024_600', 'fonts': ['all'], 'longitude': '180', 'latitude': '90', 'webrtc': 'proxy', 'do_not_track': 'true'}, 'user_proxy_config': {'proxy_soft': 'other', 'proxy_type': 'http', 'proxy_host': '216.52.25.43', 'proxy_port': '10005', 'proxy_user': 'melnikov3718', 'proxy_password': '1397d2'}}
 [Thread-1]: 07:36:15: ip = {
  "IP": "205.149.62.67"
}
 [Thread-1]: 07:36:15: {'data': {'id': 'j4wllje', 'serial_number': '3008'}, 'code': 0, 'msg': 'Success'}
 [Thread-1]: 07:36:15: Запуск профиля
 [Thread-1]: 07:36:18: ID профиля j4wllje
 [Thread-2]: 07:36:22: Создание профиля
 [Thread-2]: 07:36:25: Настройки браузера {'name': 'Fb', 'group_id': '1836292', 'domain_name': 'google.com', 'repeat_config': ['0'], 'country': 'us', 'fingerprint_config': {'language': ['uk-UA', 'uk', 'en-US', 'en'], 'ua': 'Mozilla/5.0 (Windows NT 10.0; Win64; x64) AppleWebKit/537.36 (KHTML, like Gecko) Chrome/81.0.4044.138 Safari/537.36', 'flash': 'block', 'scan_port_type': '1', 'screen_resolution': '960_680', 'fonts': ['all'], 'longitude': '180', 'latitude': '90', 'webrtc': 'proxy', 'do_not_track': 'true'}, 'user_proxy_config': {'proxy_soft': 'other', 'proxy_type': 'http', 'proxy_host': '216.52.25.27', 'proxy_port': '10523', 'proxy_user': 'melnikov3718', 'proxy_password': '1397d2'}}
 [Thread-2]: 07:36:25: ip = {
  "IP": "35.192.105.129"
}
 [Thread-2]: 07:36:25: {'data': {'id': 'j4wllk7', 'serial_number': '3009'}, 'code': 0, 'msg': 'Success'}
 [Thread-2]: 07:36:25: Запуск профиля
 [Thread-1]: 07:36:27: Открываю фейсбук
 [Thread-2]: 07:36:28: ID профиля j4wllk7
 [Thread-3]: 07:36:32: Создание профиля
 [Thread-3]: 07:36:35: Настройки браузера {'name': 'Fb', 'group_id': '1836292', 'domain_name': 'google.com', 'repeat_config': ['0'], 'country': 'us', 'fingerprint_config': {'language': ['uk-UA', 'uk', 'en-US', 'en'], 'ua': 'Mozilla/5.0 (Windows NT 10.0; Win64; x64) AppleWebKit/537.36 (KHTML, like Gecko) Chrome/86.0.4240.198 Safari/537.36', 'flash': 'block', 'scan_port_type': '1', 'screen_resolution': '960_680', 'fonts': ['all'], 'longitude': '180', 'latitude': '90', 'webrtc': 'proxy', 'do_not_track': 'true'}, 'user_proxy_config': {'proxy_soft': 'other', 'proxy_type': 'http', 'proxy_host': '64.74.161.139', 'proxy_port': '10037', 'proxy_user': 'melnikov3718', 'proxy_password': '1397d2'}}
 [Thread-3]: 07:36:35: ip = Authentication Required

 [Thread-2]: 07:36:35: Открываю фейсбук
 [Thread-3]: 07:36:35: {'data': {'id': 'j4wlll0', 'serial_number': '3010'}, 'code': 0, 'msg': 'Success'}
 [Thread-3]: 07:36:35: Запуск профиля
 [Thread-3]: 07:36:38: ID профиля j4wlll0
 [Thread-4]: 07:36:42: Создание профиля
 [Thread-1]: 07:36:43: Нажимаю на регистрацию
 [Thread-1]: 07:36:43: Размер окна {'width': 1024, 'height': 600}
 [Thread-3]: 07:36:43: Открываю фейсбук
 [Thread-4]: 07:36:45: Настройки браузера {'name': 'Fb', 'group_id': '1836292', 'domain_name': 'google.com', 'repeat_config': ['0'], 'country': 'us', 'fingerprint_config': {'language': ['uk-UA', 'uk', 'en-US', 'en'], 'ua': 'Mozilla/5.0 (Windows NT 10.0; Win64; x64) AppleWebKit/537.36 (KHTML, like Gecko) Chrome/87.0.4280.88 Safari/537.36', 'flash': 'block', 'scan_port_type': '1', 'screen_resolution': '1024_600', 'fonts': ['all'], 'longitude': '180', 'latitude': '90', 'webrtc': 'proxy', 'do_not_track': 'true'}, 'user_proxy_config': {'proxy_soft': 'other', 'proxy_type': 'http', 'proxy_host': '172.96.166.126', 'proxy_port': '10103', 'proxy_user': 'melnikov3718', 'proxy_password': '1397d2'}}
 [Thread-4]: 07:36:45: ip = {
  "IP": "47.13.227.251"
}
 [Thread-4]: 07:36:45: {'data': {'id': 'j4wlllf', 'serial_number': '3011'}, 'code': 0, 'msg': 'Success'}
 [Thread-4]: 07:36:45: Запуск профиля
 [Thread-4]: 07:36:48: ID профиля j4wlllf
 [Thread-2]: 07:36:50: Нажимаю на регистрацию
 [Thread-2]: 07:36:50: Размер окна {'width': 960, 'height': 680}
 [Thread-5]: 07:36:52: Создание профиля
 [Thread-1]: 07:36:53: Имя
 [Thread-3]: 07:36:54: Нажимаю на регистрацию
 [Thread-5]: 07:36:55: Настройки браузера {'name': 'Fb', 'group_id': '1836292', 'domain_name': 'google.com', 'repeat_config': ['0'], 'country': 'us', 'fingerprint_config': {'language': ['uk-UA', 'uk', 'en-US', 'en'], 'ua': 'Mozilla/5.0 (Windows NT 10.0; Win64; x64) AppleWebKit/537.36 (KHTML, like Gecko) Chrome/81.0.4044.138 Safari/537.36', 'flash': 'block', 'scan_port_type': '1', 'screen_resolution': '1024_600', 'fonts': ['all'], 'longitude': '180', 'latitude': '90', 'webrtc': 'proxy', 'do_not_track': 'true'}, 'user_proxy_config': {'proxy_soft': 'other', 'proxy_type': 'http', 'proxy_host': '66.23.203.52', 'proxy_port': '10869', 'proxy_user': 'melnikov3718', 'proxy_password': '1397d2'}}
 [Thread-5]: 07:36:55: ip = {
  "IP": "76.233.2.42"
}
 [Thread-4]: 07:36:55: Открываю фейсбук
 [Thread-5]: 07:36:55: {'data': {'id': 'j4wllul', 'serial_number': '3012'}, 'code': 0, 'msg': 'Success'}
 [Thread-5]: 07:36:55: Запуск профиля
 [Thread-5]: 07:36:58: ID профиля j4wllul
 [Thread-1]: 07:37:02: Фамилия
 [Thread-2]: 07:37:02: Имя
 [Thread-5]: 07:37:06: Открываю фейсбук
 [Thread-2]: 07:37:10: Фамилия
 [Thread-1]: 07:37:10: Подтверждаю ФИО
 [Thread-4]: 07:37:14: Нажимаю на регистрацию
 [Thread-4]: 07:37:14: Размер окна {'width': 1024, 'height': 600}
 [Thread-1]: 07:37:17: Месяц рожденья
 [Thread-2]: 07:37:19: Подтверждаю ФИО
 [Thread-5]: 07:37:21: Нажимаю на регистрацию
 [Thread-5]: 07:37:21: Размер окна {'width': 1024, 'height': 600}
 [Thread-4]: 07:37:25: Имя
 [Thread-1]: 07:37:25: День рожденья
 [Thread-2]: 07:37:26: Месяц рожденья
 [Thread-5]: 07:37:30: Имя
 [Thread-1]: 07:37:32: Год рожденья
 [Thread-4]: 07:37:33: Фамилия
 [Thread-2]: 07:37:33: День рожденья
 [Thread-5]: 07:37:38: Фамилия
 [Thread-1]: 07:37:40: Подтверждаю рождение
 [Thread-2]: 07:37:40: Год рожденья
 [Thread-4]: 07:37:42: Подтверждаю ФИО
 [Thread-1]: 07:37:47: Вбиваю телефон
 [Thread-5]: 07:37:47: Подтверждаю ФИО
 [Thread-4]: 07:37:49: Месяц рожденья
 [Thread-2]: 07:37:49: Подтверждаю рождение
 [Thread-1]: 07:37:54: Жду телефон 5sim
 [Thread-5]: 07:37:54: Месяц рожденья
 [Thread-1]: 07:37:54: Ответ покупки номера 5sim {'id': 409309044, 'phone': '+79683693942', 'operator': 'beeline', 'product': 'facebook', 'price': 5, 'status': 'PENDING', 'expires': '2023-01-27T04:52:57.502518143Z', 'sms': None, 'created_at': '2023-01-27T04:37:57.502518143Z', 'country': 'russia'}
 [Thread-1]: 07:37:54: Вбиваю телефон
 [Thread-2]: 07:37:55: Вбиваю телефон
 [Thread-4]: 07:37:56: День рожденья
 [Thread-1]: 07:37:58: Подтверждаю телефон
 [Thread-5]: 07:38:02: День рожденья
 [Thread-2]: 07:38:02: Жду телефон 5sim
 [Thread-2]: 07:38:03: Ответ покупки номера 5sim {'id': 409309062, 'phone': '+79882546391', 'operator': 'mts', 'product': 'facebook', 'price': 5, 'status': 'PENDING', 'expires': '2023-01-27T04:53:05.714173452Z', 'sms': None, 'created_at': '2023-01-27T04:38:05.714173452Z', 'country': 'russia'}
 [Thread-2]: 07:38:03: Вбиваю телефон
 [Thread-4]: 07:38:04: Год рожденья
 [Thread-2]: 07:38:06: Подтверждаю телефон
 [Thread-1]: 07:38:07: Указываю пол
 [Thread-5]: 07:38:09: Год рожденья
 [Thread-4]: 07:38:12: Подтверждаю рождение
 [Thread-1]: 07:38:14: Подтвержадаю пол
 [Thread-2]: 07:38:15: Указываю пол
 [Thread-5]: 07:38:17: Подтверждаю рождение
 [Thread-4]: 07:38:18: Вбиваю телефон
 [Thread-2]: 07:38:22: Подтвержадаю пол
 [Thread-1]: 07:38:23: Генерирую пароль
 [Thread-5]: 07:38:24: Вбиваю телефон
 [Thread-4]: 07:38:25: Жду телефон 5sim
 [Thread-4]: 07:38:25: Ответ покупки номера 5sim {'id': 409309129, 'phone': '+79309175501', 'operator': 'tele2', 'product': 'facebook', 'price': 5, 'status': 'PENDING', 'expires': '2023-01-27T04:53:28.59297884Z', 'sms': None, 'created_at': '2023-01-27T04:38:28.59297884Z', 'country': 'russia'}
 [Thread-4]: 07:38:25: Вбиваю телефон
 [Thread-4]: 07:38:29: Подтверждаю телефон
 [Thread-2]: 07:38:31: Генерирую пароль
 [Thread-5]: 07:38:31: Жду телефон 5sim
 [Thread-5]: 07:38:33: Ответ покупки номера 5sim {'id': 409309157, 'phone': '+221765518007', 'operator': 'virtual4', 'product': 'facebook', 'price': 9.4, 'status': 'RECEIVED', 'expires': '2023-01-27T04:53:36.408594216Z', 'sms': None, 'created_at': '2023-01-27T04:38:36.408594216Z', 'country': 'senegal'}
 [Thread-5]: 07:38:33: Вбиваю телефон
 [Thread-1]: 07:38:33: Подтверждаю пароль на странице
 [Thread-5]: 07:38:37: Подтверждаю телефон
 [Thread-4]: 07:38:38: Указываю пол
 [Thread-2]: 07:38:42: Подтверждаю пароль на странице
 [Thread-4]: 07:38:45: Подтвержадаю пол
 [Thread-5]: 07:38:46: Указываю пол
 [Thread-5]: 07:38:53: Подтвержадаю пол
 [Thread-4]: 07:38:53: Генерирую пароль
 [Thread-5]: 07:39:02: Генерирую пароль
 [Thread-4]: 07:39:04: Подтверждаю пароль на странице
 [Thread-5]: 07:39:13: Подтверждаю пароль на странице
 [Thread-1]: 07:39:15: checkpoint
 [Thread-1]: 07:39:15: Статус бана смс заявки: <Response [200]>
 [Thread-1]: 07:39:15: Аккаунт на чеке
 [Thread-1]: 07:39:15: Закрытие профиля
 [Thread-1]: 07:39:20: Удаление профиля
 [Thread-1]: 07:39:21: Профиль удален {'data': {}, 'code': 0, 'msg': 'Success'}
 [Thread-2]: 07:39:23: Ищу Not now
 [Thread-2]: 07:39:23: Рега прошла, подверждение смс
 [Thread-2]: 07:39:43: Статус повторной активаций: {'id': 409309062, 'phone': '+79882546391', 'operator': 'mts', 'product': 'facebook', 'price': 5, 'status': 'RECEIVED', 'expires': '2023-01-27T04:53:05.714173Z', 'sms': [], 'created_at': '2023-01-27T04:38:05.714173Z', 'country': 'russia'}
 [Thread-4]: 07:39:46: Ищу Not now
 [Thread-4]: 07:39:46: Рега прошла, подверждение смс
 [Thread-2]: 07:39:53: Статус повторной активаций: {'id': 409309062, 'phone': '+79882546391', 'operator': 'mts', 'product': 'facebook', 'price': 5, 'status': 'RECEIVED', 'expires': '2023-01-27T04:53:05.714173Z', 'sms': [], 'created_at': '2023-01-27T04:38:05.714173Z', 'country': 'russia'}
 [Thread-5]: 07:39:54: checkpoint
 [Thread-5]: 07:39:56: Статус бана смс заявки: <Response [200]>
 [Thread-5]: 07:39:56: Аккаунт на чеке
 [Thread-5]: 07:39:56: Закрытие профиля
 [Thread-5]: 07:40:01: Удаление профиля
 [Thread-5]: 07:40:01: Профиль удален {'data': {}, 'code': 0, 'msg': 'Success'}
 [MainThread]: 07:40:02: Активных потоков: 4
 [MainThread]: 07:40:02: Старт потоков
 [Thread-6]: 07:40:02: Создание профиля
 [Thread-2]: 07:40:03: Статус повторной активаций: {'id': 409309062, 'phone': '+79882546391', 'operator': 'mts', 'product': 'facebook', 'price': 5, 'status': 'RECEIVED', 'expires': '2023-01-27T04:53:05.714173Z', 'sms': [], 'created_at': '2023-01-27T04:38:05.714173Z', 'country': 'russia'}
 [Thread-4]: 07:40:05: Статус повторной активаций: {'id': 409309129, 'phone': '+79309175501', 'operator': 'tele2', 'product': 'facebook', 'price': 5, 'status': 'RECEIVED', 'expires': '2023-01-27T04:53:28.592979Z', 'sms': [], 'created_at': '2023-01-27T04:38:28.592979Z', 'country': 'russia'}
 [Thread-6]: 07:40:05: Настройки браузера {'name': 'Fb', 'group_id': '1836292', 'domain_name': 'google.com', 'repeat_config': ['0'], 'country': 'us', 'fingerprint_config': {'language': ['uk-UA', 'uk', 'en-US', 'en'], 'ua': 'Mozilla/5.0 (Windows NT 10.0; Win64; x64) AppleWebKit/537.36 (KHTML, like Gecko) Chrome/89.0.4389.90 Safari/537.36', 'flash': 'block', 'scan_port_type': '1', 'screen_resolution': '960_680', 'fonts': ['all'], 'longitude': '180', 'latitude': '90', 'webrtc': 'proxy', 'do_not_track': 'true'}, 'user_proxy_config': {'proxy_soft': 'other', 'proxy_type': 'http', 'proxy_host': '216.52.25.43', 'proxy_port': '10005', 'proxy_user': 'melnikov3718', 'proxy_password': '1397d2'}}
 [Thread-6]: 07:40:05: ip = {
  "IP": "66.25.132.101"
}
 [Thread-6]: 07:40:05: {'data': {'id': 'j4wlmaq', 'serial_number': '3013'}, 'code': 0, 'msg': 'Success'}
 [Thread-6]: 07:40:05: Запуск профиля
 [Thread-6]: 07:40:08: ID профиля j4wlmaq
 [Thread-7]: 07:40:12: Создание профиля
 [Thread-2]: 07:40:13: Статус повторной активаций: {'id': 409309062, 'phone': '+79882546391', 'operator': 'mts', 'product': 'facebook', 'price': 5, 'status': 'RECEIVED', 'expires': '2023-01-27T04:53:05.714173Z', 'sms': [], 'created_at': '2023-01-27T04:38:05.714173Z', 'country': 'russia'}
 [Thread-6]: 07:40:14: Открываю фейсбук
 [Thread-7]: 07:40:15: Настройки браузера {'name': 'Fb', 'group_id': '1836292', 'domain_name': 'google.com', 'repeat_config': ['0'], 'country': 'us', 'fingerprint_config': {'language': ['uk-UA', 'uk', 'en-US', 'en'], 'ua': 'Mozilla/5.0 (Windows NT 10.0; Win64; x64) AppleWebKit/537.36 (KHTML, like Gecko) Chrome/87.0.4280.88 Safari/537.36', 'flash': 'block', 'scan_port_type': '1', 'screen_resolution': '1024_768', 'fonts': ['all'], 'longitude': '180', 'latitude': '90', 'webrtc': 'proxy', 'do_not_track': 'true'}, 'user_proxy_config': {'proxy_soft': 'other', 'proxy_type': 'http', 'proxy_host': '64.74.161.139', 'proxy_port': '10037', 'proxy_user': 'melnikov3718', 'proxy_password': '1397d2'}}
 [Thread-7]: 07:40:15: ip = Authentication Required

 [Thread-4]: 07:40:15: Статус повторной активаций: {'id': 409309129, 'phone': '+79309175501', 'operator': 'tele2', 'product': 'facebook', 'price': 5, 'status': 'RECEIVED', 'expires': '2023-01-27T04:53:28.592979Z', 'sms': [], 'created_at': '2023-01-27T04:38:28.592979Z', 'country': 'russia'}
 [Thread-7]: 07:40:15: {'data': {'id': 'j4wlmbg', 'serial_number': '3014'}, 'code': 0, 'msg': 'Success'}
 [Thread-7]: 07:40:15: Запуск профиля
 [Thread-7]: 07:40:18: ID профиля j4wlmbg
 [Thread-8]: 07:40:22: Создание профиля
 [Thread-2]: 07:40:23: Статус повторной активаций: {'id': 409309062, 'phone': '+79882546391', 'operator': 'mts', 'product': 'facebook', 'price': 5, 'status': 'RECEIVED', 'expires': '2023-01-27T04:53:05.714173Z', 'sms': [], 'created_at': '2023-01-27T04:38:05.714173Z', 'country': 'russia'}
 [Thread-7]: 07:40:24: Открываю фейсбук
 [Thread-8]: 07:40:25: Настройки браузера {'name': 'Fb', 'group_id': '1836292', 'domain_name': 'google.com', 'repeat_config': ['0'], 'country': 'us', 'fingerprint_config': {'language': ['uk-UA', 'uk', 'en-US', 'en'], 'ua': 'Mozilla/5.0 (Windows NT 10.0; Win64; x64) AppleWebKit/537.36 (KHTML, like Gecko) Chrome/89.0.4389.90 Safari/537.36', 'flash': 'block', 'scan_port_type': '1', 'screen_resolution': '1366_1080', 'fonts': ['all'], 'longitude': '180', 'latitude': '90', 'webrtc': 'proxy', 'do_not_track': 'true'}, 'user_proxy_config': {'proxy_soft': 'other', 'proxy_type': 'http', 'proxy_host': '66.23.203.52', 'proxy_port': '10869', 'proxy_user': 'melnikov3718', 'proxy_password': '1397d2'}}
 [Thread-8]: 07:40:25: ip = {
  "IP": "66.51.234.253"
}
 [Thread-4]: 07:40:25: Статус повторной активаций: {'id': 409309129, 'phone': '+79309175501', 'operator': 'tele2', 'product': 'facebook', 'price': 5, 'status': 'RECEIVED', 'expires': '2023-01-27T04:53:28.592979Z', 'sms': [], 'created_at': '2023-01-27T04:38:28.592979Z', 'country': 'russia'}
 [Thread-8]: 07:40:25: {'data': {'id': 'j4wlmc5', 'serial_number': '3015'}, 'code': 0, 'msg': 'Success'}
 [Thread-8]: 07:40:25: Запуск профиля
 [Thread-8]: 07:40:28: ID профиля j4wlmc5
 [Thread-6]: 07:40:30: Нажимаю на регистрацию
 [Thread-6]: 07:40:30: Размер окна {'width': 961, 'height': 681}
 [Thread-2]: 07:40:34: Статус повторной активаций: {'id': 409309062, 'phone': '+79882546391', 'operator': 'mts', 'product': 'facebook', 'price': 5, 'status': 'RECEIVED', 'expires': '2023-01-27T04:53:05.714173Z', 'sms': [], 'created_at': '2023-01-27T04:38:05.714173Z', 'country': 'russia'}
 [Thread-8]: 07:40:35: Открываю фейсбук
 [Thread-4]: 07:40:35: Статус повторной активаций: {'id': 409309129, 'phone': '+79309175501', 'operator': 'tele2', 'product': 'facebook', 'price': 5, 'status': 'RECEIVED', 'expires': '2023-01-27T04:53:28.592979Z', 'sms': [], 'created_at': '2023-01-27T04:38:28.592979Z', 'country': 'russia'}
 [Thread-7]: 07:40:35: Нажимаю на регистрацию
 [Thread-6]: 07:40:42: Имя
 [Thread-2]: 07:40:44: Статус повторной активаций: {'id': 409309062, 'phone': '+79882546391', 'operator': 'mts', 'product': 'facebook', 'price': 5, 'status': 'RECEIVED', 'expires': '2023-01-27T04:53:05.714173Z', 'sms': [], 'created_at': '2023-01-27T04:38:05.714173Z', 'country': 'russia'}
 [Thread-4]: 07:40:45: Статус повторной активаций: {'id': 409309129, 'phone': '+79309175501', 'operator': 'tele2', 'product': 'facebook', 'price': 5, 'status': 'RECEIVED', 'expires': '2023-01-27T04:53:28.592979Z', 'sms': [], 'created_at': '2023-01-27T04:38:28.592979Z', 'country': 'russia'}
 [Thread-8]: 07:40:49: Нажимаю на регистрацию
 [Thread-8]: 07:40:49: Размер окна {'width': 1367, 'height': 1080}
 [Thread-6]: 07:40:52: Фамилия
 [Thread-2]: 07:40:54: Статус повторной активаций: {'id': 409309062, 'phone': '+79882546391', 'operator': 'mts', 'product': 'facebook', 'price': 5, 'status': 'RECEIVED', 'expires': '2023-01-27T04:53:05.714173Z', 'sms': [], 'created_at': '2023-01-27T04:38:05.714173Z', 'country': 'russia'}
 [Thread-4]: 07:40:55: Статус повторной активаций: {'id': 409309129, 'phone': '+79309175501', 'operator': 'tele2', 'product': 'facebook', 'price': 5, 'status': 'RECEIVED', 'expires': '2023-01-27T04:53:28.592979Z', 'sms': [], 'created_at': '2023-01-27T04:38:28.592979Z', 'country': 'russia'}
 [Thread-8]: 07:40:59: Имя
 [Thread-6]: 07:41:01: Подтверждаю ФИО
 [Thread-2]: 07:41:04: Статус повторной активаций: {'id': 409309062, 'phone': '+79882546391', 'operator': 'mts', 'product': 'facebook', 'price': 5, 'status': 'RECEIVED', 'expires': '2023-01-27T04:53:05.714173Z', 'sms': [], 'created_at': '2023-01-27T04:38:05.714173Z', 'country': 'russia'}
 [Thread-4]: 07:41:05: Статус повторной активаций: {'id': 409309129, 'phone': '+79309175501', 'operator': 'tele2', 'product': 'facebook', 'price': 5, 'status': 'RECEIVED', 'expires': '2023-01-27T04:53:28.592979Z', 'sms': [], 'created_at': '2023-01-27T04:38:28.592979Z', 'country': 'russia'}
 [Thread-6]: 07:41:07: Месяц рожденья
 [Thread-8]: 07:41:09: Фамилия
 [Thread-2]: 07:41:14: Статус повторной активаций: {'id': 409309062, 'phone': '+79882546391', 'operator': 'mts', 'product': 'facebook', 'price': 5, 'status': 'RECEIVED', 'expires': '2023-01-27T04:53:05.714173Z', 'sms': [], 'created_at': '2023-01-27T04:38:05.714173Z', 'country': 'russia'}
 [Thread-2]: 07:41:14: Смс не пришла, статус активаций: {'id': 409309062, 'phone': '+79882546391', 'operator': 'mts', 'product': 'facebook', 'price': 5, 'status': 'RECEIVED', 'expires': '2023-01-27T04:53:05.714173Z', 'sms': [], 'created_at': '2023-01-27T04:38:05.714173Z', 'country': 'russia'}
 [Thread-2]: 07:41:14: Статус бана смс заявки: <Response [200]>
 [Thread-2]: 07:41:14: Аккаунт на чеке
 [Thread-2]: 07:41:14: Закрытие профиля
 [Thread-6]: 07:41:16: День рожденья
 [Thread-4]: 07:41:16: Статус повторной активаций: {'id': 409309129, 'phone': '+79309175501', 'operator': 'tele2', 'product': 'facebook', 'price': 5, 'status': 'RECEIVED', 'expires': '2023-01-27T04:53:28.592979Z', 'sms': [], 'created_at': '2023-01-27T04:38:28.592979Z', 'country': 'russia'}
 [Thread-8]: 07:41:17: Подтверждаю ФИО
 [Thread-2]: 07:41:19: Удаление профиля
 [Thread-2]: 07:41:20: Профиль удален {'data': {}, 'code': 0, 'msg': 'Success'}
 [Thread-6]: 07:41:23: Год рожденья
 [Thread-8]: 07:41:23: Месяц рожденья
 [Thread-4]: 07:41:26: Статус повторной активаций: {'id': 409309129, 'phone': '+79309175501', 'operator': 'tele2', 'product': 'facebook', 'price': 5, 'status': 'RECEIVED', 'expires': '2023-01-27T04:53:28.592979Z', 'sms': [], 'created_at': '2023-01-27T04:38:28.592979Z', 'country': 'russia'}
 [Thread-6]: 07:41:31: Подтверждаю рождение
 [Thread-8]: 07:41:31: День рожденья
 [Thread-4]: 07:41:36: Статус повторной активаций: {'id': 409309129, 'phone': '+79309175501', 'operator': 'tele2', 'product': 'facebook', 'price': 5, 'status': 'RECEIVED', 'expires': '2023-01-27T04:53:28.592979Z', 'sms': [], 'created_at': '2023-01-27T04:38:28.592979Z', 'country': 'russia'}
 [Thread-4]: 07:41:36: Смс не пришла, статус активаций: {'id': 409309129, 'phone': '+79309175501', 'operator': 'tele2', 'product': 'facebook', 'price': 5, 'status': 'RECEIVED', 'expires': '2023-01-27T04:53:28.592979Z', 'sms': [], 'created_at': '2023-01-27T04:38:28.592979Z', 'country': 'russia'}
 [Thread-4]: 07:41:36: Статус бана смс заявки: <Response [200]>
 [Thread-4]: 07:41:36: Аккаунт на чеке
 [Thread-4]: 07:41:36: Закрытие профиля
 [Thread-6]: 07:41:38: Вбиваю телефон
 [Thread-8]: 07:41:38: Год рожденья
 [Thread-4]: 07:41:41: Удаление профиля
 [Thread-4]: 07:41:42: Профиль удален {'data': {}, 'code': 0, 'msg': 'Success'}
 [Thread-6]: 07:41:44: Жду телефон 5sim
 [Thread-6]: 07:41:45: Ответ покупки номера 5sim {'id': 409309810, 'phone': '+79683693835', 'operator': 'beeline', 'product': 'facebook', 'price': 5, 'status': 'PENDING', 'expires': '2023-01-27T04:56:47.754934203Z', 'sms': None, 'created_at': '2023-01-27T04:41:47.754934203Z', 'country': 'russia'}
 [Thread-6]: 07:41:45: Вбиваю телефон
 [Thread-8]: 07:41:46: Подтверждаю рождение
 [Thread-6]: 07:41:48: Подтверждаю телефон
 [Thread-8]: 07:41:53: Вбиваю телефон
 [Thread-6]: 07:41:57: Указываю пол
 [Thread-8]: 07:42:00: Жду телефон 5sim
 [Thread-8]: 07:42:02: Ответ покупки номера 5sim {'id': 409309878, 'phone': '+221765151600', 'operator': 'virtual4', 'product': 'facebook', 'price': 9.4, 'status': 'RECEIVED', 'expires': '2023-01-27T04:57:04.976191063Z', 'sms': None, 'created_at': '2023-01-27T04:42:04.976191063Z', 'country': 'senegal'}
 [Thread-8]: 07:42:02: Вбиваю телефон
 [Thread-6]: 07:42:04: Подтвержадаю пол
 [Thread-8]: 07:42:06: Подтверждаю телефон
 [Thread-6]: 07:42:12: Генерирую пароль
 [Thread-8]: 07:42:14: Указываю пол
 [Thread-8]: 07:42:21: Подтвержадаю пол
 [Thread-6]: 07:42:23: Подтверждаю пароль на странице
 [Thread-8]: 07:42:30: Генерирую пароль
 [Thread-8]: 07:42:41: Подтверждаю пароль на странице
 [Thread-6]: 07:43:05: Ищу Not now
 [Thread-6]: 07:43:05: Рега прошла, подверждение смс
 [Thread-8]: 07:43:22: checkpoint
 [Thread-8]: 07:43:24: Статус бана смс заявки: <Response [200]>
 [Thread-8]: 07:43:24: Аккаунт на чеке
 [Thread-8]: 07:43:24: Закрытие профиля
 [Thread-6]: 07:43:25: Статус повторной активаций: {'id': 409309810, 'phone': '+79683693835', 'operator': 'beeline', 'product': 'facebook', 'price': 5, 'status': 'RECEIVED', 'expires': '2023-01-27T04:56:47.754934Z', 'sms': [], 'created_at': '2023-01-27T04:41:47.754934Z', 'country': 'russia'}
 [Thread-8]: 07:43:29: Удаление профиля
 [Thread-8]: 07:43:29: Профиль удален {'data': {}, 'code': 0, 'msg': 'Success'}
 [Thread-6]: 07:43:35: Статус повторной активаций: {'id': 409309810, 'phone': '+79683693835', 'operator': 'beeline', 'product': 'facebook', 'price': 5, 'status': 'RECEIVED', 'expires': '2023-01-27T04:56:47.754934Z', 'sms': [], 'created_at': '2023-01-27T04:41:47.754934Z', 'country': 'russia'}
 [Thread-6]: 07:43:45: Статус повторной активаций: {'id': 409309810, 'phone': '+79683693835', 'operator': 'beeline', 'product': 'facebook', 'price': 5, 'status': 'RECEIVED', 'expires': '2023-01-27T04:56:47.754934Z', 'sms': [], 'created_at': '2023-01-27T04:41:47.754934Z', 'country': 'russia'}
 [Thread-6]: 07:43:55: Статус повторной активаций: {'id': 409309810, 'phone': '+79683693835', 'operator': 'beeline', 'product': 'facebook', 'price': 5, 'status': 'RECEIVED', 'expires': '2023-01-27T04:56:47.754934Z', 'sms': [], 'created_at': '2023-01-27T04:41:47.754934Z', 'country': 'russia'}
 [Thread-6]: 07:44:05: Статус повторной активаций: {'id': 409309810, 'phone': '+79683693835', 'operator': 'beeline', 'product': 'facebook', 'price': 5, 'status': 'RECEIVED', 'expires': '2023-01-27T04:56:47.754934Z', 'sms': [], 'created_at': '2023-01-27T04:41:47.754934Z', 'country': 'russia'}
 [Thread-6]: 07:44:15: Статус повторной активаций: {'id': 409309810, 'phone': '+79683693835', 'operator': 'beeline', 'product': 'facebook', 'price': 5, 'status': 'RECEIVED', 'expires': '2023-01-27T04:56:47.754934Z', 'sms': [], 'created_at': '2023-01-27T04:41:47.754934Z', 'country': 'russia'}
 [Thread-6]: 07:44:26: Статус повторной активаций: {'id': 409309810, 'phone': '+79683693835', 'operator': 'beeline', 'product': 'facebook', 'price': 5, 'status': 'RECEIVED', 'expires': '2023-01-27T04:56:47.754934Z', 'sms': [], 'created_at': '2023-01-27T04:41:47.754934Z', 'country': 'russia'}
 [Thread-6]: 07:44:36: Статус повторной активаций: {'id': 409309810, 'phone': '+79683693835', 'operator': 'beeline', 'product': 'facebook', 'price': 5, 'status': 'RECEIVED', 'expires': '2023-01-27T04:56:47.754934Z', 'sms': [], 'created_at': '2023-01-27T04:41:47.754934Z', 'country': 'russia'}
 [Thread-6]: 07:44:46: Статус повторной активаций: {'id': 409309810, 'phone': '+79683693835', 'operator': 'beeline', 'product': 'facebook', 'price': 5, 'status': 'RECEIVED', 'expires': '2023-01-27T04:56:47.754934Z', 'sms': [], 'created_at': '2023-01-27T04:41:47.754934Z', 'country': 'russia'}
 [Thread-6]: 07:44:56: Статус повторной активаций: {'id': 409309810, 'phone': '+79683693835', 'operator': 'beeline', 'product': 'facebook', 'price': 5, 'status': 'RECEIVED', 'expires': '2023-01-27T04:56:47.754934Z', 'sms': [], 'created_at': '2023-01-27T04:41:47.754934Z', 'country': 'russia'}
 [Thread-6]: 07:44:56: Смс не пришла, статус активаций: {'id': 409309810, 'phone': '+79683693835', 'operator': 'beeline', 'product': 'facebook', 'price': 5, 'status': 'RECEIVED', 'expires': '2023-01-27T04:56:47.754934Z', 'sms': [], 'created_at': '2023-01-27T04:41:47.754934Z', 'country': 'russia'}
 [Thread-6]: 07:44:56: Статус бана смс заявки: <Response [200]>
 [Thread-6]: 07:44:56: Аккаунт на чеке
 [Thread-6]: 07:44:56: Закрытие профиля
 [Thread-6]: 07:45:01: Удаление профиля
 [Thread-6]: 07:45:02: Профиль удален {'data': {}, 'code': 0, 'msg': 'Success'}
 [MainThread]: 07:46:26: Инициализация потоков
 [MainThread]: 07:46:26: Старт потоков
 [Thread-1]: 07:46:26: Создание профиля
 [Thread-1]: 07:46:29: Настройки браузера {'name': 'Fb', 'group_id': '1836292', 'domain_name': 'google.com', 'repeat_config': ['0'], 'country': 'us', 'fingerprint_config': {'language': ['uk-UA', 'uk', 'en-US', 'en'], 'ua': 'Mozilla/5.0 (Windows NT 10.0; Win64; x64) AppleWebKit/537.36 (KHTML, like Gecko) Chrome/86.0.4240.198 Safari/537.36', 'flash': 'block', 'scan_port_type': '1', 'screen_resolution': '1366_1080', 'fonts': ['all'], 'longitude': '180', 'latitude': '90', 'webrtc': 'proxy', 'do_not_track': 'true'}, 'user_proxy_config': {'proxy_soft': 'other', 'proxy_type': 'http', 'proxy_host': '216.52.25.43', 'proxy_port': '10005', 'proxy_user': 'melnikov3718', 'proxy_password': '1397d2'}}
 [Thread-1]: 07:46:29: ip = {
  "IP": "173.64.98.159"
}
 [Thread-1]: 07:46:29: {'data': {'id': 'j4wln2i', 'serial_number': '3016'}, 'code': 0, 'msg': 'Success'}
 [Thread-1]: 07:46:29: Запуск профиля
 [Thread-1]: 07:46:32: ID профиля j4wln2i
 [Thread-1]: 07:46:37: Открываю фейсбук
 [Thread-1]: 07:46:39: Нажимаю на регистрацию
 [MainThread]: 07:48:04: Инициализация потоков
 [MainThread]: 07:48:04: Старт потоков
 [Thread-1]: 07:48:04: Создание профиля
 [Thread-1]: 07:48:06: Настройки браузера {'name': 'Fb', 'group_id': '1836292', 'domain_name': 'google.com', 'repeat_config': ['0'], 'country': 'us', 'fingerprint_config': {'language': ['uk-UA', 'uk', 'en-US', 'en'], 'ua': 'Mozilla/5.0 (Windows NT 10.0; Win64; x64) AppleWebKit/537.36 (KHTML, like Gecko) Chrome/87.0.4280.88 Safari/537.36', 'flash': 'block', 'scan_port_type': '1', 'screen_resolution': '1024_600', 'fonts': ['all'], 'longitude': '180', 'latitude': '90', 'webrtc': 'proxy', 'do_not_track': 'true'}, 'user_proxy_config': {'proxy_soft': 'other', 'proxy_type': 'http', 'proxy_host': '216.52.25.43', 'proxy_port': '10005', 'proxy_user': 'melnikov3718', 'proxy_password': '1397d2'}}
 [Thread-1]: 07:48:06: ip = {
  "IP": "205.149.57.255"
}
 [Thread-1]: 07:48:07: {'data': {'id': 'j4wln8n', 'serial_number': '3017'}, 'code': 0, 'msg': 'Success'}
 [Thread-1]: 07:48:07: Запуск профиля
 [Thread-1]: 07:48:10: ID профиля j4wln8n
 [Thread-2]: 07:48:14: Создание профиля
 [Thread-2]: 07:48:16: Настройки браузера {'name': 'Fb', 'group_id': '1836292', 'domain_name': 'google.com', 'repeat_config': ['0'], 'country': 'us', 'fingerprint_config': {'language': ['uk-UA', 'uk', 'en-US', 'en'], 'ua': 'Mozilla/5.0 (Windows NT 10.0; Win64; x64) AppleWebKit/537.36 (KHTML, like Gecko) Chrome/86.0.4240.198 Safari/537.36', 'flash': 'block', 'scan_port_type': '1', 'screen_resolution': '960_680', 'fonts': ['all'], 'longitude': '180', 'latitude': '90', 'webrtc': 'proxy', 'do_not_track': 'true'}, 'user_proxy_config': {'proxy_soft': 'other', 'proxy_type': 'http', 'proxy_host': '216.52.25.27', 'proxy_port': '10523', 'proxy_user': 'melnikov3718', 'proxy_password': '1397d2'}}
 [Thread-2]: 07:48:16: ip = {
  "IP": "73.104.239.142"
}
 [Thread-2]: 07:48:17: {'data': {'id': 'j4wln91', 'serial_number': '3018'}, 'code': 0, 'msg': 'Success'}
 [Thread-2]: 07:48:17: Запуск профиля
 [Thread-1]: 07:48:17: Открываю фейсбук
 [Thread-2]: 07:48:20: ID профиля j4wln91
 [Thread-3]: 07:48:24: Создание профиля
 [Thread-3]: 07:48:26: Настройки браузера {'name': 'Fb', 'group_id': '1836292', 'domain_name': 'google.com', 'repeat_config': ['0'], 'country': 'us', 'fingerprint_config': {'language': ['uk-UA', 'uk', 'en-US', 'en'], 'ua': 'Mozilla/5.0 (Windows NT 10.0; Win64; x64) AppleWebKit/537.36 (KHTML, like Gecko) Chrome/86.0.4240.198 Safari/537.36', 'flash': 'block', 'scan_port_type': '1', 'screen_resolution': '1024_768', 'fonts': ['all'], 'longitude': '180', 'latitude': '90', 'webrtc': 'proxy', 'do_not_track': 'true'}, 'user_proxy_config': {'proxy_soft': 'other', 'proxy_type': 'http', 'proxy_host': '173.234.27.13', 'proxy_port': '10155', 'proxy_user': 'melnikov3718', 'proxy_password': '1397d2'}}
 [Thread-3]: 07:48:26: ip = {
  "IP": "209.212.131.187"
}
 [Thread-3]: 07:48:26: {'data': {'id': 'j4wln9i', 'serial_number': '3019'}, 'code': 0, 'msg': 'Success'}
 [Thread-3]: 07:48:26: Запуск профиля
 [Thread-2]: 07:48:27: Открываю фейсбук
 [Thread-3]: 07:48:29: ID профиля j4wln9i
 [Thread-4]: 07:48:34: Создание профиля
 [Thread-3]: 07:48:35: Открываю фейсбук
 [Thread-4]: 07:48:36: Настройки браузера {'name': 'Fb', 'group_id': '1836292', 'domain_name': 'google.com', 'repeat_config': ['0'], 'country': 'us', 'fingerprint_config': {'language': ['uk-UA', 'uk', 'en-US', 'en'], 'ua': 'Mozilla/5.0 (Windows NT 10.0; Win64; x64) AppleWebKit/537.36 (KHTML, like Gecko) Chrome/81.0.4044.138 Safari/537.36', 'flash': 'block', 'scan_port_type': '1', 'screen_resolution': '1024_600', 'fonts': ['all'], 'longitude': '180', 'latitude': '90', 'webrtc': 'proxy', 'do_not_track': 'true'}, 'user_proxy_config': {'proxy_soft': 'other', 'proxy_type': 'http', 'proxy_host': '172.96.166.126', 'proxy_port': '10103', 'proxy_user': 'melnikov3718', 'proxy_password': '1397d2'}}
 [Thread-4]: 07:48:36: ip = {
  "IP": "73.213.68.218"
}
 [Thread-1]: 07:48:36: Нажимаю на регистрацию
 [Thread-1]: 07:48:36: Размер окна {'width': 1024, 'height': 600}
 [Thread-4]: 07:48:37: {'data': {'id': 'j4wlnb5', 'serial_number': '3020'}, 'code': 0, 'msg': 'Success'}
 [Thread-4]: 07:48:37: Запуск профиля
 [Thread-4]: 07:48:40: ID профиля j4wlnb5
 [Thread-5]: 07:48:44: Создание профиля
 [Thread-3]: 07:48:45: Нажимаю на регистрацию
 [Thread-3]: 07:48:45: Размер окна {'width': 1024, 'height': 768}
 [Thread-5]: 07:48:46: Настройки браузера {'name': 'Fb', 'group_id': '1836292', 'domain_name': 'google.com', 'repeat_config': ['0'], 'country': 'us', 'fingerprint_config': {'language': ['uk-UA', 'uk', 'en-US', 'en'], 'ua': 'Mozilla/5.0 (Windows NT 10.0; Win64; x64) AppleWebKit/537.36 (KHTML, like Gecko) Chrome/87.0.4280.88 Safari/537.36', 'flash': 'block', 'scan_port_type': '1', 'screen_resolution': '1024_600', 'fonts': ['all'], 'longitude': '180', 'latitude': '90', 'webrtc': 'proxy', 'do_not_track': 'true'}, 'user_proxy_config': {'proxy_soft': 'other', 'proxy_type': 'http', 'proxy_host': '66.23.203.52', 'proxy_port': '10869', 'proxy_user': 'melnikov3718', 'proxy_password': '1397d2'}}
 [Thread-5]: 07:48:46: ip = {
  "IP": "47.222.46.196"
}
 [Thread-5]: 07:48:47: {'data': {'id': 'j4wlnbk', 'serial_number': '3021'}, 'code': 0, 'msg': 'Success'}
 [Thread-5]: 07:48:47: Запуск профиля
 [Thread-4]: 07:48:47: Открываю фейсбук
 [Thread-2]: 07:48:48: Нажимаю на регистрацию
 [Thread-2]: 07:48:48: Размер окна {'width': 960, 'height': 680}
 [Thread-1]: 07:48:48: Имя
 [Thread-5]: 07:48:50: ID профиля j4wlnbk
 [Thread-3]: 07:48:55: Имя
 [Thread-1]: 07:48:57: Фамилия
 [Thread-5]: 07:48:57: Открываю фейсбук
 [Thread-2]: 07:49:00: Имя
 [Thread-3]: 07:49:04: Фамилия
 [Thread-1]: 07:49:05: Подтверждаю ФИО
 [Thread-4]: 07:49:06: Нажимаю на регистрацию
 [Thread-4]: 07:49:06: Размер окна {'width': 1024, 'height': 600}
 [Thread-2]: 07:49:10: Фамилия
 [Thread-1]: 07:49:11: Месяц рожденья
 [Thread-3]: 07:49:12: Подтверждаю ФИО
 [Thread-4]: 07:49:17: Имя
 [Thread-5]: 07:49:18: Нажимаю на регистрацию
 [Thread-5]: 07:49:18: Размер окна {'width': 1024, 'height': 600}
 [Thread-2]: 07:49:18: Подтверждаю ФИО
 [Thread-3]: 07:49:19: Месяц рожденья
 [Thread-1]: 07:49:19: День рожденья
 [Thread-2]: 07:49:25: Месяц рожденья
 [Thread-4]: 07:49:26: Фамилия
 [Thread-3]: 07:49:27: День рожденья
 [Thread-1]: 07:49:27: Год рожденья
 [Thread-5]: 07:49:31: Имя
 [Thread-2]: 07:49:33: День рожденья
 [Thread-3]: 07:49:34: Год рожденья
 [Thread-4]: 07:49:34: Подтверждаю ФИО
 [Thread-1]: 07:49:35: Подтверждаю рождение
 [Thread-5]: 07:49:40: Фамилия
 [Thread-2]: 07:49:40: Год рожденья
 [Thread-4]: 07:49:41: Месяц рожденья
 [Thread-1]: 07:49:41: Вбиваю телефон
 [Thread-3]: 07:49:42: Подтверждаю рождение
 [Thread-5]: 07:49:48: Подтверждаю ФИО
 [Thread-1]: 07:49:48: Жду телефон 5sim
 [Thread-2]: 07:49:48: Подтверждаю рождение
 [Thread-3]: 07:49:49: Вбиваю телефон
 [Thread-4]: 07:49:49: День рожденья
 [Thread-1]: 07:49:49: Ответ покупки номера 5sim {'id': 409312041, 'phone': '+255762920795', 'operator': 'virtual21', 'product': 'facebook', 'price': 9, 'status': 'RECEIVED', 'expires': '2023-01-27T05:09:52.277701809Z', 'sms': None, 'created_at': '2023-01-27T04:49:52.277701809Z', 'country': 'tanzania'}
 [Thread-1]: 07:49:49: Вбиваю телефон
 [Thread-1]: 07:49:53: Подтверждаю телефон
 [Thread-5]: 07:49:55: Месяц рожденья
 [Thread-2]: 07:49:55: Вбиваю телефон
 [Thread-3]: 07:49:55: Жду телефон 5sim
 [Thread-4]: 07:49:56: Год рожденья
 [Thread-1]: 07:50:02: Указываю пол
 [Thread-2]: 07:50:02: Жду телефон 5sim
 [Thread-2]: 07:50:02: Нет доступных номеров no free phones
 [Thread-5]: 07:50:03: День рожденья
 [Thread-4]: 07:50:04: Подтверждаю рождение
 [Thread-3]: 07:50:06: Нет доступных номеров no free phones
 [Thread-1]: 07:50:08: Подтвержадаю пол
 [Thread-5]: 07:50:10: Год рожденья
 [Thread-4]: 07:50:11: Вбиваю телефон
 [Thread-2]: 07:50:12: Нет доступных номеров no free phones
 [Thread-3]: 07:50:16: Нет доступных номеров no free phones
 [Thread-3]: 07:50:17: Ответ покупки номера 5sim {'id': 409312314, 'phone': '+221761242189', 'operator': 'virtual4', 'product': 'facebook', 'price': 9.4, 'status': 'RECEIVED', 'expires': '2023-01-27T05:05:20.031336802Z', 'sms': None, 'created_at': '2023-01-27T04:50:20.031336802Z', 'country': 'senegal'}
 [Thread-3]: 07:50:17: Вбиваю телефон
 [Thread-1]: 07:50:17: Генерирую пароль
 [Thread-5]: 07:50:18: Подтверждаю рождение
 [Thread-4]: 07:50:18: Жду телефон 5sim
 [Thread-4]: 07:50:18: Нет доступных номеров no free phones
 [Thread-4]: 07:50:19: Ответ покупки номера 5sim {'id': 409312320, 'phone': '+221779635844', 'operator': 'virtual4', 'product': 'facebook', 'price': 9.4, 'status': 'RECEIVED', 'expires': '2023-01-27T05:05:21.990847406Z', 'sms': None, 'created_at': '2023-01-27T04:50:21.990847406Z', 'country': 'senegal'}
 [Thread-4]: 07:50:19: Вбиваю телефон
 [Thread-3]: 07:50:21: Подтверждаю телефон
 [Thread-2]: 07:50:23: Нет доступных номеров no free phones
 [Thread-4]: 07:50:23: Подтверждаю телефон
 [Thread-2]: 07:50:24: Ответ покупки номера 5sim {'id': 409312340, 'phone': '+221784689289', 'operator': 'virtual4', 'product': 'facebook', 'price': 9.4, 'status': 'RECEIVED', 'expires': '2023-01-27T05:05:26.830136818Z', 'sms': None, 'created_at': '2023-01-27T04:50:26.830136818Z', 'country': 'senegal'}
 [Thread-2]: 07:50:24: Вбиваю телефон
 [Thread-5]: 07:50:24: Вбиваю телефон
 [Thread-2]: 07:50:28: Подтверждаю телефон
 [Thread-1]: 07:50:28: Подтверждаю пароль на странице
 [Thread-3]: 07:50:30: Указываю пол
 [Thread-5]: 07:50:31: Жду телефон 5sim
 [Thread-4]: 07:50:32: Указываю пол
 [Thread-5]: 07:50:32: Ответ покупки номера 5sim {'id': 409312363, 'phone': '+221784668257', 'operator': 'virtual4', 'product': 'facebook', 'price': 9.4, 'status': 'RECEIVED', 'expires': '2023-01-27T05:05:35.081533991Z', 'sms': None, 'created_at': '2023-01-27T04:50:35.081533991Z', 'country': 'senegal'}
 [Thread-5]: 07:50:32: Вбиваю телефон
 [Thread-5]: 07:50:36: Подтверждаю телефон
 [Thread-3]: 07:50:37: Подтвержадаю пол
 [Thread-2]: 07:50:37: Указываю пол
 [Thread-4]: 07:50:39: Подтвержадаю пол
 [Thread-2]: 07:50:43: Подтвержадаю пол
 [Thread-5]: 07:50:45: Указываю пол
 [Thread-3]: 07:50:45: Генерирую пароль
 [Thread-4]: 07:50:47: Генерирую пароль
 [Thread-5]: 07:50:52: Подтвержадаю пол
 [Thread-2]: 07:50:52: Генерирую пароль
 [Thread-3]: 07:50:56: Подтверждаю пароль на странице
 [Thread-4]: 07:50:58: Подтверждаю пароль на странице
 [Thread-5]: 07:51:00: Генерирую пароль
 [Thread-2]: 07:51:03: Подтверждаю пароль на странице
 [Thread-1]: 07:51:10: Ищу Not now
 [Thread-1]: 07:51:10: Рега прошла, подверждение смс
 [Thread-5]: 07:51:11: Подтверждаю пароль на странице
 [Thread-1]: 07:51:29: Статус повторной активаций: {'id': 409312041, 'phone': '+255762920795', 'operator': 'virtual21', 'product': 'facebook', 'price': 9, 'status': 'RECEIVED', 'expires': '2023-01-27T05:09:52.277702Z', 'sms': [{'created_at': '2023-01-27T04:51:22.753586Z', 'date': '2023-01-27T04:51:22.747259Z', 'sender': 'FACEBOOK', 'text': 'FB-82562 is your Facebook confirmation code', 'code': '82562'}], 'created_at': '2023-01-27T04:49:52.277702Z', 'country': 'tanzania'}
 [Thread-1]: 07:51:29: Смс: {'id': 409312041, 'phone': '+255762920795', 'operator': 'virtual21', 'product': 'facebook', 'price': 9, 'status': 'RECEIVED', 'expires': '2023-01-27T05:09:52.277702Z', 'sms': [{'created_at': '2023-01-27T04:51:22.753586Z', 'date': '2023-01-27T04:51:22.747259Z', 'sender': 'FACEBOOK', 'text': 'FB-82562 is your Facebook confirmation code', 'code': '82562'}], 'created_at': '2023-01-27T04:49:52.277702Z', 'country': 'tanzania'}
 [Thread-1]: 07:51:29: Проверка на подключение
 [Thread-3]: 07:51:38: Ищу Not now
 [Thread-3]: 07:51:38: Рега прошла, подверждение смс
 [Thread-4]: 07:51:40: checkpoint
 [Thread-4]: 07:51:41: Статус бана смс заявки: <Response [200]>
 [Thread-4]: 07:51:41: Аккаунт на чеке
 [Thread-4]: 07:51:41: Закрытие профиля
 [Thread-2]: 07:51:45: checkpoint
 [Thread-2]: 07:51:46: Статус бана смс заявки: <Response [200]>
 [Thread-2]: 07:51:46: Аккаунт на чеке
 [Thread-2]: 07:51:46: Закрытие профиля
 [Thread-4]: 07:51:46: Удаление профиля
 [Thread-4]: 07:51:47: Профиль удален {'data': {}, 'code': 0, 'msg': 'Success'}
 [Thread-2]: 07:51:51: Удаление профиля
 [Thread-2]: 07:51:52: Профиль удален {'data': {}, 'code': 0, 'msg': 'Success'}
 [Thread-5]: 07:51:53: checkpoint
 [MainThread]: 07:51:54: Активных потоков: 3
 [MainThread]: 07:51:54: Старт потоков
 [Thread-6]: 07:51:54: Создание профиля
 [Thread-5]: 07:51:55: Статус бана смс заявки: <Response [200]>
 [Thread-5]: 07:51:55: Аккаунт на чеке
 [Thread-5]: 07:51:55: Закрытие профиля
 [Thread-6]: 07:51:56: Настройки браузера {'name': 'Fb', 'group_id': '1836292', 'domain_name': 'google.com', 'repeat_config': ['0'], 'country': 'us', 'fingerprint_config': {'language': ['uk-UA', 'uk', 'en-US', 'en'], 'ua': 'Mozilla/5.0 (Windows NT 10.0; Win64; x64) AppleWebKit/537.36 (KHTML, like Gecko) Chrome/87.0.4280.88 Safari/537.36', 'flash': 'block', 'scan_port_type': '1', 'screen_resolution': '1280_720', 'fonts': ['all'], 'longitude': '180', 'latitude': '90', 'webrtc': 'proxy', 'do_not_track': 'true'}, 'user_proxy_config': {'proxy_soft': 'other', 'proxy_type': 'http', 'proxy_host': '216.52.25.43', 'proxy_port': '10005', 'proxy_user': 'melnikov3718', 'proxy_password': '1397d2'}}
 [Thread-6]: 07:51:56: ip = {
  "IP": "205.149.52.93"
}
 [Thread-3]: 07:51:57: Статус повторной активаций: {'id': 409312314, 'phone': '+221761242189', 'operator': 'virtual4', 'product': 'facebook', 'price': 9.4, 'status': 'RECEIVED', 'expires': '2023-01-27T05:05:20.031337Z', 'sms': [{'created_at': '2023-01-27T04:51:56.73639Z', 'date': '2023-01-27T04:51:56.734147Z', 'sender': '*', 'text': '51195', 'code': '51195'}], 'created_at': '2023-01-27T04:50:20.031337Z', 'country': 'senegal'}
 [Thread-3]: 07:51:57: Смс: {'id': 409312314, 'phone': '+221761242189', 'operator': 'virtual4', 'product': 'facebook', 'price': 9.4, 'status': 'RECEIVED', 'expires': '2023-01-27T05:05:20.031337Z', 'sms': [{'created_at': '2023-01-27T04:51:56.73639Z', 'date': '2023-01-27T04:51:56.734147Z', 'sender': '*', 'text': '51195', 'code': '51195'}], 'created_at': '2023-01-27T04:50:20.031337Z', 'country': 'senegal'}
 [Thread-3]: 07:51:57: Проверка на подключение
 [Thread-3]: 07:51:57: Вбиваю смс
 [Thread-6]: 07:51:57: {'data': {'id': 'j4wlnr4', 'serial_number': '3022'}, 'code': 0, 'msg': 'Success'}
 [Thread-6]: 07:51:57: Запуск профиля
 [Thread-6]: 07:52:00: ID профиля j4wlnr4
 [Thread-5]: 07:52:00: Удаление профиля
 [Thread-5]: 07:52:01: Профиль удален {'data': {}, 'code': 0, 'msg': 'Success'}
 [Thread-7]: 07:52:04: Создание профиля
 [Thread-7]: 07:52:06: Настройки браузера {'name': 'Fb', 'group_id': '1836292', 'domain_name': 'google.com', 'repeat_config': ['0'], 'country': 'us', 'fingerprint_config': {'language': ['uk-UA', 'uk', 'en-US', 'en'], 'ua': 'Mozilla/5.0 (Windows NT 10.0; Win64; x64) AppleWebKit/537.36 (KHTML, like Gecko) Chrome/87.0.4280.88 Safari/537.36', 'flash': 'block', 'scan_port_type': '1', 'screen_resolution': '1024_600', 'fonts': ['all'], 'longitude': '180', 'latitude': '90', 'webrtc': 'proxy', 'do_not_track': 'true'}, 'user_proxy_config': {'proxy_soft': 'other', 'proxy_type': 'http', 'proxy_host': '216.52.25.27', 'proxy_port': '10523', 'proxy_user': 'melnikov3718', 'proxy_password': '1397d2'}}
 [Thread-7]: 07:52:06: ip = {
  "IP": "76.38.47.118"
}
 [Thread-6]: 07:52:06: Открываю фейсбук
 [Thread-7]: 07:52:07: {'data': {'id': 'j4wlnrn', 'serial_number': '3023'}, 'code': 0, 'msg': 'Success'}
 [Thread-7]: 07:52:07: Запуск профиля
 [Thread-3]: 07:52:08: Проверка на валидность смс
 [Thread-3]: 07:52:08: Смс валидна, подтверждаю
 [Thread-7]: 07:52:10: ID профиля j4wlnrn
 [Thread-8]: 07:52:14: Создание профиля
 [Thread-3]: 07:52:15: Получаю manager_id
 [Thread-8]: 07:52:16: Настройки браузера {'name': 'Fb', 'group_id': '1836292', 'domain_name': 'google.com', 'repeat_config': ['0'], 'country': 'us', 'fingerprint_config': {'language': ['uk-UA', 'uk', 'en-US', 'en'], 'ua': 'Mozilla/5.0 (Windows NT 10.0; Win64; x64) AppleWebKit/537.36 (KHTML, like Gecko) Chrome/86.0.4240.198 Safari/537.36', 'flash': 'block', 'scan_port_type': '1', 'screen_resolution': '1024_768', 'fonts': ['all'], 'longitude': '180', 'latitude': '90', 'webrtc': 'proxy', 'do_not_track': 'true'}, 'user_proxy_config': {'proxy_soft': 'other', 'proxy_type': 'http', 'proxy_host': '172.96.166.126', 'proxy_port': '10103', 'proxy_user': 'melnikov3718', 'proxy_password': '1397d2'}}
 [Thread-8]: 07:52:16: ip = {
  "IP": "73.205.139.77"
}
 [Thread-8]: 07:52:17: {'data': {'id': 'j4wlns3', 'serial_number': '3024'}, 'code': 0, 'msg': 'Success'}
 [Thread-8]: 07:52:17: Запуск профиля
 [Thread-7]: 07:52:17: Открываю фейсбук
 [Thread-8]: 07:52:20: ID профиля j4wlns3
 [Thread-6]: 07:52:20: Нажимаю на регистрацию
 [Thread-6]: 07:52:20: Размер окна {'width': 1280, 'height': 720}
 [Thread-9]: 07:52:24: Создание профиля
 [Thread-9]: 07:52:26: Настройки браузера {'name': 'Fb', 'group_id': '1836292', 'domain_name': 'google.com', 'repeat_config': ['0'], 'country': 'us', 'fingerprint_config': {'language': ['uk-UA', 'uk', 'en-US', 'en'], 'ua': 'Mozilla/5.0 (Windows NT 10.0; Win64; x64) AppleWebKit/537.36 (KHTML, like Gecko) Chrome/81.0.4044.138 Safari/537.36', 'flash': 'block', 'scan_port_type': '1', 'screen_resolution': '1280_720', 'fonts': ['all'], 'longitude': '180', 'latitude': '90', 'webrtc': 'proxy', 'do_not_track': 'true'}, 'user_proxy_config': {'proxy_soft': 'other', 'proxy_type': 'http', 'proxy_host': '66.23.203.52', 'proxy_port': '10869', 'proxy_user': 'melnikov3718', 'proxy_password': '1397d2'}}
 [Thread-9]: 07:52:26: ip = {
  "IP": "108.16.238.7"
}
 [Thread-9]: 07:52:27: {'data': {'id': 'j4wlnsm', 'serial_number': '3025'}, 'code': 0, 'msg': 'Success'}
 [Thread-9]: 07:52:27: Запуск профиля
 [Thread-8]: 07:52:29: Открываю фейсбук
 [Thread-9]: 07:52:30: ID профиля j4wlnsm
 [Thread-6]: 07:52:31: Имя
 [Thread-7]: 07:52:33: Нажимаю на регистрацию
 [Thread-7]: 07:52:33: Размер окна {'width': 1024, 'height': 600}
 [Thread-9]: 07:52:37: Открываю фейсбук
 [Thread-6]: 07:52:40: Фамилия
 [Thread-7]: 07:52:45: Имя
 [Thread-6]: 07:52:49: Подтверждаю ФИО
 [Thread-7]: 07:52:54: Фамилия
 [Thread-9]: 07:52:55: Нажимаю на регистрацию
 [Thread-9]: 07:52:55: Размер окна {'width': 1280, 'height': 720}
 [Thread-6]: 07:52:56: Месяц рожденья
 [Thread-3]: 07:52:59: Обновление страницы с manager_id
 [Thread-7]: 07:53:03: Подтверждаю ФИО
 [Thread-6]: 07:53:04: День рожденья
 [Thread-8]: 07:53:05: Нажимаю на регистрацию
 [Thread-8]: 07:53:05: Размер окна {'width': 1024, 'height': 768}
 [Thread-7]: 07:53:10: Месяц рожденья
 [Thread-6]: 07:53:11: Год рожденья
 [Thread-7]: 07:53:18: День рожденья
 [Thread-8]: 07:53:18: Имя
 [Thread-6]: 07:53:19: Подтверждаю рождение
 [Thread-7]: 07:53:25: Год рожденья
 [Thread-6]: 07:53:26: Вбиваю телефон
 [Thread-8]: 07:53:27: Фамилия
 [Thread-6]: 07:53:32: Жду телефон 5sim
 [Thread-6]: 07:53:33: Ответ покупки номера 5sim {'id': 409312970, 'phone': '+255772049150', 'operator': 'virtual21', 'product': 'facebook', 'price': 9, 'status': 'RECEIVED', 'expires': '2023-01-27T05:13:36.085671927Z', 'sms': None, 'created_at': '2023-01-27T04:53:36.085671927Z', 'country': 'tanzania'}
 [Thread-6]: 07:53:33: Вбиваю телефон
 [Thread-7]: 07:53:33: Подтверждаю рождение
 [Thread-8]: 07:53:36: Подтверждаю ФИО
 [Thread-6]: 07:53:37: Подтверждаю телефон
 [Thread-7]: 07:53:40: Вбиваю телефон
 [Thread-8]: 07:53:43: Месяц рожденья
 [Thread-6]: 07:53:46: Указываю пол
 [Thread-7]: 07:53:47: Жду телефон 5sim
 [Thread-7]: 07:53:47: Нет доступных номеров no free phones
 [Thread-8]: 07:53:50: День рожденья
 [Thread-6]: 07:53:53: Подтвержадаю пол
 [Thread-7]: 07:53:57: Нет доступных номеров no free phones
 [Thread-8]: 07:53:58: Год рожденья
 [Thread-6]: 07:54:02: Генерирую пароль
 [Thread-8]: 07:54:06: Подтверждаю рождение
 [Thread-7]: 07:54:07: Нет доступных номеров no free phones
 [Thread-7]: 07:54:09: Ответ покупки номера 5sim {'id': 409313084, 'phone': '+221761855909', 'operator': 'virtual4', 'product': 'facebook', 'price': 9.4, 'status': 'RECEIVED', 'expires': '2023-01-27T05:09:12.077167247Z', 'sms': None, 'created_at': '2023-01-27T04:54:12.077167247Z', 'country': 'senegal'}
 [Thread-7]: 07:54:09: Вбиваю телефон
 [Thread-8]: 07:54:12: Вбиваю телефон
 [Thread-6]: 07:54:12: Подтверждаю пароль на странице
 [Thread-7]: 07:54:13: Подтверждаю телефон
 [Thread-8]: 07:54:19: Жду телефон 5sim
 [Thread-7]: 07:54:22: Указываю пол
 [Thread-9]: 07:54:26: Имя
 [Thread-7]: 07:54:29: Подтвержадаю пол
 [Thread-8]: 07:54:29: Нет доступных номеров no free phones
 [Thread-8]: 07:54:31: Ответ покупки номера 5sim {'id': 409313147, 'phone': '+221771922392', 'operator': 'virtual4', 'product': 'facebook', 'price': 9.4, 'status': 'RECEIVED', 'expires': '2023-01-27T05:09:34.462465436Z', 'sms': None, 'created_at': '2023-01-27T04:54:34.462465436Z', 'country': 'senegal'}
 [Thread-8]: 07:54:31: Вбиваю телефон
 [Thread-8]: 07:54:35: Подтверждаю телефон
 [Thread-7]: 07:54:38: Генерирую пароль
 [Thread-8]: 07:54:44: Указываю пол
 [Thread-7]: 07:54:48: Подтверждаю пароль на странице
 [Thread-8]: 07:54:51: Подтвержадаю пол
 [Thread-6]: 07:54:54: Ищу Not now
 [Thread-6]: 07:54:54: Рега прошла, подверждение смс
 [Thread-8]: 07:54:59: Генерирую пароль
 [Thread-6]: 07:55:03: Смс: {'id': 409312970, 'phone': '+255772049150', 'operator': 'virtual21', 'product': 'facebook', 'price': 9, 'status': 'RECEIVED', 'expires': '2023-01-27T05:13:36.085672Z', 'sms': [{'created_at': '2023-01-27T04:54:55.683403Z', 'date': '2023-01-27T04:54:55.676144Z', 'sender': 'INFO', 'text': 'FB-69250 is your Facebook confirmation code', 'code': '69250'}], 'created_at': '2023-01-27T04:53:36.085672Z', 'country': 'tanzania'}
 [Thread-6]: 07:55:03: Проверка на подключение
 [Thread-6]: 07:55:03: Вбиваю смс
 [Thread-8]: 07:55:11: Подтверждаю пароль на странице
 [Thread-6]: 07:55:15: Проверка на валидность смс
 [Thread-6]: 07:55:15: Смс валидна, подтверждаю
 [Thread-6]: 07:55:21: Получаю manager_id
 [Thread-7]: 07:55:30: checkpoint
 [Thread-7]: 07:55:31: Статус бана смс заявки: <Response [200]>
 [Thread-7]: 07:55:31: Аккаунт на чеке
 [Thread-7]: 07:55:31: Закрытие профиля
 [Thread-7]: 07:55:36: Удаление профиля
 [Thread-7]: 07:55:37: Профиль удален {'data': {}, 'code': 0, 'msg': 'Success'}
 [Thread-6]: 07:55:49: Обновление страницы с manager_id
 [Thread-8]: 07:55:52: Ищу Not now
 [Thread-8]: 07:55:52: Рега прошла, подверждение смс
 [Thread-6]: 07:55:59: Обновление страницы с manager_id
 [Thread-6]: 07:56:10: Обновление страницы с manager_id
 [Thread-8]: 07:56:14: Статус повторной активаций: {'id': 409313147, 'phone': '+221771922392', 'operator': 'virtual4', 'product': 'facebook', 'price': 9.4, 'status': 'RECEIVED', 'expires': '2023-01-27T05:09:34.462465Z', 'sms': [{'created_at': '2023-01-27T04:56:14.983203Z', 'date': '2023-01-27T04:56:14.981259Z', 'sender': '*', 'text': '65655', 'code': '65655'}], 'created_at': '2023-01-27T04:54:34.462465Z', 'country': 'senegal'}
 [Thread-8]: 07:56:14: Смс: {'id': 409313147, 'phone': '+221771922392', 'operator': 'virtual4', 'product': 'facebook', 'price': 9.4, 'status': 'RECEIVED', 'expires': '2023-01-27T05:09:34.462465Z', 'sms': [{'created_at': '2023-01-27T04:56:14.983203Z', 'date': '2023-01-27T04:56:14.981259Z', 'sender': '*', 'text': '65655', 'code': '65655'}], 'created_at': '2023-01-27T04:54:34.462465Z', 'country': 'senegal'}
 [Thread-8]: 07:56:14: Проверка на подключение
 [Thread-8]: 07:56:14: Вбиваю смс
 [Thread-8]: 07:56:26: Проверка на валидность смс
 [Thread-8]: 07:56:26: Смс валидна, подтверждаю
 [Thread-8]: 07:56:33: Получаю manager_id
 [Thread-6]: 07:56:44: manager_id = 1841531876210677
 [Thread-6]: 07:56:44: Получаю Eaab_Token
 [Thread-6]: 07:56:45: Eaab_Token = EAABsbCS1iHgBANkjtZBhT9NMPDhZATo2FHASQprkH81QpFQ0qCFPnqd7zXNVKZBq8fYHGntxPMbDDy0ZCj8MrKFIP8RtqyXMZCOsJinwup2T37KN1ZA5yblIqM23XrnCidx6USRh9YaBI4y0euGZC5aF7hWCKGuo4Pnk4Dai4lq3kd4NZAKDa35r7LfEuOAXJDgZD
 [Thread-6]: 07:56:59: Статус закрытия смс заявки: <Response [200]>
 [Thread-6]: 07:56:59: Успешная регистрация
 [Thread-6]: 07:56:59: Закрытие профиля
 [Thread-6]: 07:57:04: Удаление профиля
 [Thread-6]: 07:57:05: Профиль удален {'data': {}, 'code': 0, 'msg': 'Success'}
 [Thread-8]: 07:57:38: Обновление страницы с manager_id
 [Thread-8]: 07:57:48: Обновление страницы с manager_id
 [Thread-8]: 07:57:58: Обновление страницы с manager_id
 [Thread-8]: 07:58:14: Обновление страницы с manager_id
 [Thread-8]: 07:59:46: manager_id = 6686004298092989
 [Thread-8]: 07:59:46: Получаю Eaab_Token
 [Thread-8]: 07:59:46: Eaab_Token = EAABsbCS1iHgBAGSJVuyqPXkGmyPNya7ee0SrZCCPQAaYzvZCQ2EhwwshNRfTKDKZCD5TkSPIDXKFTOMeR8ZCHNUJkZCF5ZAJ35aGMctm7SKOmEjzVzT0whH6WzioAA7cR1OaktTxAxRgY00FxbZA7dkNFA5iGaneQl1eYGKo9LlLpr5RfT7WZA9QYmoHWQH2gqgZD
 [Thread-8]: 08:00:11: Статус закрытия смс заявки: <Response [200]>
 [Thread-8]: 08:00:11: Успешная регистрация
 [Thread-8]: 08:00:11: Закрытие профиля
 [Thread-8]: 08:00:16: Удаление профиля
 [Thread-8]: 08:00:16: Профиль удален {'data': {}, 'code': 0, 'msg': 'Success'}
